<?xml version="1.0" encoding="UTF-8"?>
<testsuite name="com.example.project.TestUtility" tests="1" skipped="0" failures="0" errors="0" timestamp="2025-02-11T14:01:09" hostname="codespaces-3e6782" time="0.074">
  <properties/>
  <testcase name="testSort()" classname="com.example.project.TestUtility" time="0.074"/>
  <system-out><![CDATA[]]></system-out>
  <system-err><![CDATA[]]></system-err>
</testsuite>
